
Nov 12 20:03 [nebula_avg.cal.fits[*,1,1]]: 
    center      cont      flux       eqw      core     gfwhm     lfwhm
  5006.673 3.226E-12 5.5923E-9    -1734. 1.8023E-9     2.915        0.
  5006.672 2.246E-13 5.6117E-9   -24988. 1.8047E-9     2.921        0.
   5006.67 -2.80E-12 5.6315E-9     INDEF 1.8068E-9     2.928        0.
  4957.885 1.331E-10 6.677E-10    -5.016 3.226E-10     1.944        0.
   4957.89 3.452E-11 1.1314E-9    -32.77 4.112E-10     2.585        0.
  4957.895 -3.84E-12 1.3643E-9     INDEF 4.401E-10     2.912        0.
  4957.896 3.231E-13 1.3371E-9    -4138. 4.372E-10     2.873        0.
  4957.894 -1.10E-12 1.3463E-9     INDEF 4.382E-10     2.886        0.
  4859.188 1.636E-12 -3.42E-11     20.92 -1.89E-12     17.03        0.
  4858.822 -1.10E-12 3.658E-10     INDEF 1.163E-10     2.955        0.
   4858.84 -1.20E-12 3.664E-10     INDEF 1.163E-10     2.959        0.
  4858.812 4.895E-13 3.552E-10    -725.6 1.152E-10     2.897        0.
  4858.821 3.937E-13 3.558E-10    -903.7 1.152E-10     2.901        0.
  4858.813 3.090E-13 3.564E-10    -1153. 1.153E-10     2.903        0.
  4736.643 6.363E-13 1.833E-11    -28.81 6.609E-12     2.606        0.
   4736.59 1.011E-12 1.627E-11     -16.1 6.321E-12     2.419        0.
  4736.643 6.710E-13 1.817E-11    -27.08 6.571E-12     2.598        0.
  4707.916 1.838E-13 2.125E-11    -115.6 6.150E-12     3.246        0.
  4707.869 3.459E-13 2.005E-11    -57.95 6.056E-12     3.109        0.
  4707.886 -4.86E-16 2.257E-11     INDEF 6.297E-12     3.367        0.
  4681.914 4.576E-13 1.703E-10    -372.2 5.883E-11      2.72        0.
  4681.914 -2.28E-13 1.746E-10     INDEF 5.930E-11     2.765        0.
  4681.914 -1.34E-13 1.740E-10     INDEF 5.924E-11     2.759        0.
  4362.219 3.900E-13 4.346E-11    -111.4 1.204E-11      3.39        0.
  4362.344 -2.62E-13 4.805E-11     INDEF 1.253E-11     3.602        0.
  4362.265 7.047E-13 4.064E-11    -57.67 1.196E-11     3.193        0.
  4362.214 4.576E-13 4.296E-11    -93.88 1.200E-11     3.364        0.
  4339.975 2.384E-12 9.392E-11     -39.4 3.292E-11      2.68        0.
  4339.921 2.210E-12 9.503E-11    -43.01 3.304E-11     2.702        0.
  4339.942 1.605E-12 9.881E-11    -61.57 3.346E-11     2.774        0.
